
2020-12-15 20:12:480 INFO  HomePage :33 - Clicking on Create New Account Button: [[ChromeDriver: chrome on WINDOWS (ca2a4d35953ec88631d8f1e72d4aa636)] -> xpath: //a[@id='u_0_2']]
2020-12-15 20:12:167 INFO  SignUpPage :47 - Getting Text From : [[ChromeDriver: chrome on WINDOWS (ca2a4d35953ec88631d8f1e72d4aa636)] -> xpath: //div[contains(text(),"It's quick and easy.")]]
2020-12-15 20:12:371 INFO  SignUpPage :47 - Getting Text From : [[ChromeDriver: chrome on WINDOWS (ca2a4d35953ec88631d8f1e72d4aa636)] -> xpath: //div[contains(text(),"It's quick and easy.")]]
2020-12-15 20:12:70 INFO  BasePage :30 - Launching Chrome Browser
2020-12-15 20:12:614 INFO  HomePage :33 - Clicking on Create New Account Button: [[ChromeDriver: chrome on WINDOWS (4626e61b78bdce2ad33cade45481e66a)] -> xpath: //a[@id='u_0_2']]
2020-12-15 20:12:243 INFO  SignUpPage :47 - Getting Text From : [[ChromeDriver: chrome on WINDOWS (4626e61b78bdce2ad33cade45481e66a)] -> xpath: //div[contains(text(),"It's quick and easy.")]]
2020-12-15 20:12:372 INFO  SignUpPage :47 - Getting Text From : [[ChromeDriver: chrome on WINDOWS (4626e61b78bdce2ad33cade45481e66a)] -> xpath: //div[contains(text(),"It's quick and easy.")]]
2020-12-15 20:12:169 INFO  BasePage :30 - Launching Chrome Browser
2020-12-15 20:12:467 INFO  HomePage :33 - Clicking on Create New Account Button: [[ChromeDriver: chrome on WINDOWS (5cdd1eac3ffb94bb379012febb0b59a3)] -> xpath: //a[@id='u_0_2']]
2020-12-15 20:12:245 INFO  SignUpPage :47 - Getting Text From : [[ChromeDriver: chrome on WINDOWS (5cdd1eac3ffb94bb379012febb0b59a3)] -> xpath: //div[contains(text(),"It's quick and easy.")]]
2020-12-15 20:12:338 INFO  SignUpPage :47 - Getting Text From : [[ChromeDriver: chrome on WINDOWS (5cdd1eac3ffb94bb379012febb0b59a3)] -> xpath: //div[contains(text(),"It's quick and easy.")]]
2020-12-15 20:12:687 INFO  BasePage :30 - Launching Chrome Browser
2020-12-15 21:12:129 INFO  HomePage :33 - Clicking on Create New Account Button: [[ChromeDriver: chrome on WINDOWS (dbc552be01d2816554a96349c2aa990b)] -> xpath: //a[@id='u_0_2']]
2020-12-15 21:12:215 INFO  BasePage :30 - Launching Chrome Browser
2020-12-15 21:12:439 INFO  HomePage :33 - Clicking on Create New Account Button: [[ChromeDriver: chrome on WINDOWS (93ad80affe4c6b5f2351bc7d810f71fc)] -> xpath: //a[@id='u_0_2']]
2020-12-15 21:12:415 INFO  SignUpPage :55 - Enter First Name: Kaveerto firstname field[[ChromeDriver: chrome on WINDOWS (93ad80affe4c6b5f2351bc7d810f71fc)] -> xpath: /html[1]/body[1]/div[3]/div[2]/div[1]/div[1]/div[2]/div[1]/div[1]/div[1]/form[1]/div[1]/div[1]/div[1]/div[1]/div[1]/input[1]]
2020-12-15 21:12:576 INFO  BasePage :30 - Launching Chrome Browser
2020-12-15 21:12:499 INFO  HomePage :33 - Clicking on Create New Account Button: [[ChromeDriver: chrome on WINDOWS (3ab505d53ffba7eafd5392ac91d24924)] -> xpath: //a[@id='u_0_2']]
2020-12-15 21:12:156 INFO  SignUpPage :55 - Enter First Name: Kaveerto firstname field[[ChromeDriver: chrome on WINDOWS (3ab505d53ffba7eafd5392ac91d24924)] -> xpath: /html[1]/body[1]/div[3]/div[2]/div[1]/div[1]/div[2]/div[1]/div[1]/div[1]/form[1]/div[1]/div[1]/div[1]/div[1]/div[1]/input[1]]
2020-12-15 21:12:318 INFO  SignUpPage :62 - Enter Surname: Aryanto surname field[[ChromeDriver: chrome on WINDOWS (3ab505d53ffba7eafd5392ac91d24924)] -> xpath: /html[1]/body[1]/div[3]/div[2]/div[1]/div[1]/div[2]/div[1]/div[1]/div[1]/form[1]/div[1]/div[1]/div[1]/div[2]/div[1]/div[1]/input[1]]
2020-12-15 21:12:526 INFO  SignUpPage :68 - Entering email address : kaveer1689@gmail.com to email field : [[ChromeDriver: chrome on WINDOWS (3ab505d53ffba7eafd5392ac91d24924)] -> xpath: /html[1]/body[1]/div[3]/div[2]/div[1]/div[1]/div[2]/div[1]/div[1]/div[1]/form[1]/div[1]/div[2]/div[1]/div[1]/input[1]]
2020-12-15 21:12:713 INFO  SignUpPage :74 - Entering password : Hellofacebook11 to password field : [[ChromeDriver: chrome on WINDOWS (3ab505d53ffba7eafd5392ac91d24924)] -> xpath: //input[@id='password_step_input']]
2020-12-15 21:12:829 INFO  SignUpPage :80 - Entering day : 12 to day field : [[ChromeDriver: chrome on WINDOWS (3ab505d53ffba7eafd5392ac91d24924)] -> xpath: //select[@id='day']]
2020-12-15 21:12:922 INFO  SignUpPage :86 - Entering month : December to month field : [[ChromeDriver: chrome on WINDOWS (3ab505d53ffba7eafd5392ac91d24924)] -> xpath: //select[@id='month']]
2020-12-15 21:12:45 INFO  SignUpPage :92 - Entering year : 1985 to year field : [[ChromeDriver: chrome on WINDOWS (3ab505d53ffba7eafd5392ac91d24924)] -> xpath: //select[@id='year']]
2020-12-15 21:12:149 INFO  SignUpPage :98 - selecting male : [[ChromeDriver: chrome on WINDOWS (3ab505d53ffba7eafd5392ac91d24924)] -> xpath: //label[contains(text(),'Male')]]
2020-12-15 21:12:354 INFO  SignUpPage :104 - Clicking on sign up Button: [[ChromeDriver: chrome on WINDOWS (3ab505d53ffba7eafd5392ac91d24924)] -> xpath: /html[1]/body[1]/div[3]/div[2]/div[1]/div[1]/div[2]/div[1]/div[1]/div[1]/form[1]/div[1]/div[10]/button[1]]
2020-12-15 21:12:357 INFO  BasePage :30 - Launching Chrome Browser
2020-12-15 21:12:437 INFO  HomePage :33 - Clicking on Create New Account Button: [[ChromeDriver: chrome on WINDOWS (9cee79129f30d3aeed5c3a77cb12cd85)] -> xpath: //a[@id='u_0_2']]
2020-12-15 21:12:622 INFO  SignUpPage :55 - Enter First Name: Kaveerto firstname field[[ChromeDriver: chrome on WINDOWS (9cee79129f30d3aeed5c3a77cb12cd85)] -> xpath: /html[1]/body[1]/div[3]/div[2]/div[1]/div[1]/div[2]/div[1]/div[1]/div[1]/form[1]/div[1]/div[1]/div[1]/div[1]/div[1]/input[1]]
2020-12-15 21:12:737 INFO  SignUpPage :62 - Enter Surname: Aryanto surname field[[ChromeDriver: chrome on WINDOWS (9cee79129f30d3aeed5c3a77cb12cd85)] -> xpath: /html[1]/body[1]/div[3]/div[2]/div[1]/div[1]/div[2]/div[1]/div[1]/div[1]/form[1]/div[1]/div[1]/div[1]/div[2]/div[1]/div[1]/input[1]]
2020-12-15 21:12:925 INFO  SignUpPage :68 - Entering email address : kaveer3737@gmail.com to email field : [[ChromeDriver: chrome on WINDOWS (9cee79129f30d3aeed5c3a77cb12cd85)] -> xpath: /html[1]/body[1]/div[3]/div[2]/div[1]/div[1]/div[2]/div[1]/div[1]/div[1]/form[1]/div[1]/div[2]/div[1]/div[1]/input[1]]
2020-12-15 21:12:102 INFO  SignUpPage :74 - Entering password : Hellofacebook11 to password field : [[ChromeDriver: chrome on WINDOWS (9cee79129f30d3aeed5c3a77cb12cd85)] -> xpath: //input[@id='password_step_input']]
2020-12-15 21:12:217 INFO  SignUpPage :80 - Entering day : 12 to day field : [[ChromeDriver: chrome on WINDOWS (9cee79129f30d3aeed5c3a77cb12cd85)] -> xpath: //select[@id='day']]
2020-12-15 21:12:314 INFO  SignUpPage :86 - Entering month : December to month field : [[ChromeDriver: chrome on WINDOWS (9cee79129f30d3aeed5c3a77cb12cd85)] -> xpath: //select[@id='month']]
2020-12-15 21:12:432 INFO  SignUpPage :92 - Entering year : 1985 to year field : [[ChromeDriver: chrome on WINDOWS (9cee79129f30d3aeed5c3a77cb12cd85)] -> xpath: //select[@id='year']]
2020-12-15 21:12:526 INFO  SignUpPage :98 - selecting male : [[ChromeDriver: chrome on WINDOWS (9cee79129f30d3aeed5c3a77cb12cd85)] -> xpath: //label[contains(text(),'Male')]]
2020-12-15 21:12:739 INFO  SignUpPage :104 - Clicking on sign up Button: [[ChromeDriver: chrome on WINDOWS (9cee79129f30d3aeed5c3a77cb12cd85)] -> xpath: /html[1]/body[1]/div[3]/div[2]/div[1]/div[1]/div[2]/div[1]/div[1]/div[1]/form[1]/div[1]/div[10]/button[1]]
2020-12-15 21:12:328 INFO  BasePage :30 - Launching Chrome Browser
2020-12-15 21:12:468 INFO  HomePage :27 - Clicking on Accept Cookies: [[ChromeDriver: chrome on WINDOWS (7cd7fd0f7b8ba8baf004409beab72c35)] -> xpath: //button[@id='u_0_h']]
2020-12-15 21:12:711 INFO  HomePage :34 - Clicking on Create New Account Button: [[ChromeDriver: chrome on WINDOWS (7cd7fd0f7b8ba8baf004409beab72c35)] -> xpath: //a[@id='u_0_2']]
2020-12-15 21:12:456 INFO  SignUpPage :58 - Enter First Name: Kaveerto firstname field[[ChromeDriver: chrome on WINDOWS (7cd7fd0f7b8ba8baf004409beab72c35)] -> xpath: /html[1]/body[1]/div[3]/div[2]/div[1]/div[1]/div[2]/div[1]/div[1]/div[1]/form[1]/div[1]/div[1]/div[1]/div[1]/div[1]/input[1]]
2020-12-15 21:12:565 INFO  SignUpPage :65 - Enter Surname: Aryanto surname field[[ChromeDriver: chrome on WINDOWS (7cd7fd0f7b8ba8baf004409beab72c35)] -> xpath: /html[1]/body[1]/div[3]/div[2]/div[1]/div[1]/div[2]/div[1]/div[1]/div[1]/form[1]/div[1]/div[1]/div[1]/div[2]/div[1]/div[1]/input[1]]
2020-12-15 21:12:765 INFO  SignUpPage :71 - Entering email address : kaveer369@gmail.com to email field : [[ChromeDriver: chrome on WINDOWS (7cd7fd0f7b8ba8baf004409beab72c35)] -> xpath: /html[1]/body[1]/div[3]/div[2]/div[1]/div[1]/div[2]/div[1]/div[1]/div[1]/form[1]/div[1]/div[2]/div[1]/div[1]/input[1]]
2020-12-15 21:12:953 INFO  SignUpPage :77 - Entering password : Hellofacebook11 to password field : [[ChromeDriver: chrome on WINDOWS (7cd7fd0f7b8ba8baf004409beab72c35)] -> xpath: //input[@id='password_step_input']]
2020-12-15 21:12:69 INFO  SignUpPage :83 - Entering day : 12 to day field : [[ChromeDriver: chrome on WINDOWS (7cd7fd0f7b8ba8baf004409beab72c35)] -> xpath: //select[@id='day']]
2020-12-15 21:12:176 INFO  SignUpPage :89 - Entering month : December to month field : [[ChromeDriver: chrome on WINDOWS (7cd7fd0f7b8ba8baf004409beab72c35)] -> xpath: //select[@id='month']]
2020-12-15 21:12:294 INFO  SignUpPage :95 - Entering year : 1985 to year field : [[ChromeDriver: chrome on WINDOWS (7cd7fd0f7b8ba8baf004409beab72c35)] -> xpath: //select[@id='year']]
2020-12-15 21:12:749 INFO  SignUpPage :101 - selecting male : [[ChromeDriver: chrome on WINDOWS (7cd7fd0f7b8ba8baf004409beab72c35)] -> xpath: //label[contains(text(),'Male')]]
2020-12-15 21:12:212 INFO  SignUpPage :107 - Clicking on sign up Button: [[ChromeDriver: chrome on WINDOWS (7cd7fd0f7b8ba8baf004409beab72c35)] -> xpath: /html[1]/body[1]/div[3]/div[2]/div[1]/div[1]/div[2]/div[1]/div[1]/div[1]/form[1]/div[1]/div[10]/button[1]]
2020-12-15 21:12:245 INFO  SignUpPage :112 - Getting Text From : [[ChromeDriver: chrome on WINDOWS (7cd7fd0f7b8ba8baf004409beab72c35)] -> xpath: /html[1]/body[1]/div[1]/div[2]/div[1]/div[1]/div[1]/div[1]/div[1]/div[1]/img[1]]
2020-12-15 21:12:307 INFO  SignUpPage :112 - Getting Text From : [[ChromeDriver: chrome on WINDOWS (7cd7fd0f7b8ba8baf004409beab72c35)] -> xpath: /html[1]/body[1]/div[1]/div[2]/div[1]/div[1]/div[1]/div[1]/div[1]/div[1]/img[1]]
2020-12-15 21:12:884 INFO  BasePage :30 - Launching Chrome Browser
2020-12-15 21:12:740 INFO  HomePage :27 - Clicking on Accept Cookies: [[ChromeDriver: chrome on WINDOWS (415bc72bce2ffdef1f842a4028c10798)] -> xpath: //button[@id='u_0_h']]
2020-12-15 21:12:966 INFO  HomePage :34 - Clicking on Create New Account Button: [[ChromeDriver: chrome on WINDOWS (415bc72bce2ffdef1f842a4028c10798)] -> xpath: //a[@id='u_0_2']]
2020-12-15 21:12:840 INFO  SignUpPage :58 - Enter First Name: Kaveerto firstname field[[ChromeDriver: chrome on WINDOWS (415bc72bce2ffdef1f842a4028c10798)] -> xpath: /html[1]/body[1]/div[3]/div[2]/div[1]/div[1]/div[2]/div[1]/div[1]/div[1]/form[1]/div[1]/div[1]/div[1]/div[1]/div[1]/input[1]]
2020-12-15 21:12:289 INFO  SignUpPage :66 - Enter Surname: Aryanto surname field[[ChromeDriver: chrome on WINDOWS (415bc72bce2ffdef1f842a4028c10798)] -> xpath: /html[1]/body[1]/div[3]/div[2]/div[1]/div[1]/div[2]/div[1]/div[1]/div[1]/form[1]/div[1]/div[1]/div[1]/div[2]/div[1]/div[1]/input[1]]
2020-12-15 21:12:500 INFO  SignUpPage :72 - Entering email address : kaveer3430@gmail.com to email field : [[ChromeDriver: chrome on WINDOWS (415bc72bce2ffdef1f842a4028c10798)] -> xpath: /html[1]/body[1]/div[3]/div[2]/div[1]/div[1]/div[2]/div[1]/div[1]/div[1]/form[1]/div[1]/div[2]/div[1]/div[1]/input[1]]
2020-12-15 21:12:719 INFO  SignUpPage :78 - Entering password : Hellofacebook11 to password field : [[ChromeDriver: chrome on WINDOWS (415bc72bce2ffdef1f842a4028c10798)] -> xpath: //input[@id='password_step_input']]
2020-12-15 21:12:833 INFO  SignUpPage :84 - Entering day : 12 to day field : [[ChromeDriver: chrome on WINDOWS (415bc72bce2ffdef1f842a4028c10798)] -> xpath: //select[@id='day']]
2020-12-15 21:12:946 INFO  SignUpPage :90 - Entering month : December to month field : [[ChromeDriver: chrome on WINDOWS (415bc72bce2ffdef1f842a4028c10798)] -> xpath: //select[@id='month']]
2020-12-15 21:12:51 INFO  SignUpPage :96 - Entering year : 1985 to year field : [[ChromeDriver: chrome on WINDOWS (415bc72bce2ffdef1f842a4028c10798)] -> xpath: //select[@id='year']]
2020-12-15 21:12:151 INFO  SignUpPage :102 - selecting male : [[ChromeDriver: chrome on WINDOWS (415bc72bce2ffdef1f842a4028c10798)] -> xpath: //label[contains(text(),'Male')]]
2020-12-15 21:12:438 INFO  SignUpPage :108 - Clicking on sign up Button: [[ChromeDriver: chrome on WINDOWS (415bc72bce2ffdef1f842a4028c10798)] -> xpath: /html[1]/body[1]/div[3]/div[2]/div[1]/div[1]/div[2]/div[1]/div[1]/div[1]/form[1]/div[1]/div[10]/button[1]]
2020-12-15 21:12:485 INFO  SignUpPage :113 - Getting Text From : [[ChromeDriver: chrome on WINDOWS (415bc72bce2ffdef1f842a4028c10798)] -> xpath: /html[1]/body[1]/div[1]/div[2]/div[1]/div[1]/div[1]/div[1]/div[1]/div[1]/img[1]]
2020-12-15 21:12:534 INFO  SignUpPage :113 - Getting Text From : [[ChromeDriver: chrome on WINDOWS (415bc72bce2ffdef1f842a4028c10798)] -> xpath: /html[1]/body[1]/div[1]/div[2]/div[1]/div[1]/div[1]/div[1]/div[1]/div[1]/img[1]]
2020-12-15 21:12:695 INFO  BasePage :30 - Launching Chrome Browser
2020-12-15 21:12:296 INFO  HomePage :27 - Clicking on Accept Cookies: [[ChromeDriver: chrome on WINDOWS (51bda2a97754cf3d8778c3b2434eb644)] -> xpath: //button[@id='u_0_h']]
2020-12-15 21:12:464 INFO  HomePage :34 - Clicking on Create New Account Button: [[ChromeDriver: chrome on WINDOWS (51bda2a97754cf3d8778c3b2434eb644)] -> xpath: //a[@id='u_0_2']]
2020-12-15 21:12:278 INFO  SignUpPage :58 - Enter First Name: Kaveerto firstname field[[ChromeDriver: chrome on WINDOWS (51bda2a97754cf3d8778c3b2434eb644)] -> xpath: /html[1]/body[1]/div[3]/div[2]/div[1]/div[1]/div[2]/div[1]/div[1]/div[1]/form[1]/div[1]/div[1]/div[1]/div[1]/div[1]/input[1]]
2020-12-15 21:12:948 INFO  SignUpPage :66 - Enter Surname: Aryanto surname field[[ChromeDriver: chrome on WINDOWS (51bda2a97754cf3d8778c3b2434eb644)] -> xpath: /html[1]/body[1]/div[3]/div[2]/div[1]/div[1]/div[2]/div[1]/div[1]/div[1]/form[1]/div[1]/div[1]/div[1]/div[2]/div[1]/div[1]/input[1]]
2020-12-15 21:12:609 INFO  SignUpPage :72 - Entering email address : kaveer4048@gmail.com to email field : [[ChromeDriver: chrome on WINDOWS (51bda2a97754cf3d8778c3b2434eb644)] -> xpath: /html[1]/body[1]/div[3]/div[2]/div[1]/div[1]/div[2]/div[1]/div[1]/div[1]/form[1]/div[1]/div[2]/div[1]/div[1]/input[1]]
2020-12-15 21:12:860 INFO  SignUpPage :78 - Entering password : Hellofacebook11 to password field : [[ChromeDriver: chrome on WINDOWS (51bda2a97754cf3d8778c3b2434eb644)] -> xpath: //input[@id='password_step_input']]
2020-12-15 21:12:997 INFO  SignUpPage :84 - Entering day : 12 to day field : [[ChromeDriver: chrome on WINDOWS (51bda2a97754cf3d8778c3b2434eb644)] -> xpath: //select[@id='day']]
2020-12-15 21:12:127 INFO  SignUpPage :90 - Entering month : December to month field : [[ChromeDriver: chrome on WINDOWS (51bda2a97754cf3d8778c3b2434eb644)] -> xpath: //select[@id='month']]
2020-12-15 21:12:244 INFO  SignUpPage :96 - Entering year : 1985 to year field : [[ChromeDriver: chrome on WINDOWS (51bda2a97754cf3d8778c3b2434eb644)] -> xpath: //select[@id='year']]
2020-12-15 21:12:343 INFO  SignUpPage :102 - selecting male : [[ChromeDriver: chrome on WINDOWS (51bda2a97754cf3d8778c3b2434eb644)] -> xpath: //label[contains(text(),'Male')]]
2020-12-15 21:12:599 INFO  SignUpPage :108 - Clicking on sign up Button: [[ChromeDriver: chrome on WINDOWS (51bda2a97754cf3d8778c3b2434eb644)] -> xpath: /html[1]/body[1]/div[3]/div[2]/div[1]/div[1]/div[2]/div[1]/div[1]/div[1]/form[1]/div[1]/div[10]/button[1]]
2020-12-15 21:12:633 INFO  SignUpPage :113 - Getting Text From : [[ChromeDriver: chrome on WINDOWS (51bda2a97754cf3d8778c3b2434eb644)] -> xpath: /html[1]/body[1]/div[1]/div[2]/div[1]/div[1]/div[1]/div[1]/div[1]/div[1]/img[1]]
2020-12-15 21:12:680 INFO  SignUpPage :113 - Getting Text From : [[ChromeDriver: chrome on WINDOWS (51bda2a97754cf3d8778c3b2434eb644)] -> xpath: /html[1]/body[1]/div[1]/div[2]/div[1]/div[1]/div[1]/div[1]/div[1]/div[1]/img[1]]
2020-12-15 21:12:909 INFO  BasePage :30 - Launching Chrome Browser
2020-12-15 21:12:163 INFO  HomePage :27 - Clicking on Accept Cookies: [[ChromeDriver: chrome on WINDOWS (61c14c0aa66b502aaf5a2ee6fc831e16)] -> xpath: //button[@id='u_0_h']]
2020-12-15 21:12:400 INFO  HomePage :34 - Clicking on Create New Account Button: [[ChromeDriver: chrome on WINDOWS (61c14c0aa66b502aaf5a2ee6fc831e16)] -> xpath: //a[@id='u_0_2']]
2020-12-15 21:12:762 INFO  SignUpPage :58 - Enter First Name: Kaveerto firstname field[[ChromeDriver: chrome on WINDOWS (61c14c0aa66b502aaf5a2ee6fc831e16)] -> xpath: /html[1]/body[1]/div[3]/div[2]/div[1]/div[1]/div[2]/div[1]/div[1]/div[1]/form[1]/div[1]/div[1]/div[1]/div[1]/div[1]/input[1]]
2020-12-15 21:12:184 INFO  SignUpPage :66 - Enter Surname: Aryanto surname field[[ChromeDriver: chrome on WINDOWS (61c14c0aa66b502aaf5a2ee6fc831e16)] -> xpath: /html[1]/body[1]/div[3]/div[2]/div[1]/div[1]/div[2]/div[1]/div[1]/div[1]/form[1]/div[1]/div[1]/div[1]/div[2]/div[1]/div[1]/input[1]]
2020-12-15 21:12:453 INFO  SignUpPage :72 - Entering email address : kaveer3400@gmail.com to email field : [[ChromeDriver: chrome on WINDOWS (61c14c0aa66b502aaf5a2ee6fc831e16)] -> xpath: /html[1]/body[1]/div[3]/div[2]/div[1]/div[1]/div[2]/div[1]/div[1]/div[1]/form[1]/div[1]/div[2]/div[1]/div[1]/input[1]]
2020-12-15 21:12:684 INFO  SignUpPage :78 - Entering password : Hellofacebook11 to password field : [[ChromeDriver: chrome on WINDOWS (61c14c0aa66b502aaf5a2ee6fc831e16)] -> xpath: //input[@id='password_step_input']]
2020-12-15 21:12:841 INFO  SignUpPage :84 - Entering day : 12 to day field : [[ChromeDriver: chrome on WINDOWS (61c14c0aa66b502aaf5a2ee6fc831e16)] -> xpath: //select[@id='day']]
2020-12-15 21:12:983 INFO  SignUpPage :90 - Entering month : December to month field : [[ChromeDriver: chrome on WINDOWS (61c14c0aa66b502aaf5a2ee6fc831e16)] -> xpath: //select[@id='month']]
2020-12-15 21:12:116 INFO  SignUpPage :96 - Entering year : 1985 to year field : [[ChromeDriver: chrome on WINDOWS (61c14c0aa66b502aaf5a2ee6fc831e16)] -> xpath: //select[@id='year']]
2020-12-15 21:12:239 INFO  SignUpPage :102 - selecting male : [[ChromeDriver: chrome on WINDOWS (61c14c0aa66b502aaf5a2ee6fc831e16)] -> xpath: //label[contains(text(),'Male')]]
2020-12-15 21:12:506 INFO  SignUpPage :108 - Clicking on sign up Button: [[ChromeDriver: chrome on WINDOWS (61c14c0aa66b502aaf5a2ee6fc831e16)] -> xpath: /html[1]/body[1]/div[3]/div[2]/div[1]/div[1]/div[2]/div[1]/div[1]/div[1]/form[1]/div[1]/div[10]/button[1]]
2020-12-15 21:12:561 INFO  SignUpPage :113 - Getting Text From : [[ChromeDriver: chrome on WINDOWS (61c14c0aa66b502aaf5a2ee6fc831e16)] -> xpath: /html[1]/body[1]/div[1]/div[2]/div[1]/div[1]/div[1]/div[1]/div[1]/div[1]/img[1]]
2020-12-15 21:12:633 INFO  SignUpPage :113 - Getting Text From : [[ChromeDriver: chrome on WINDOWS (61c14c0aa66b502aaf5a2ee6fc831e16)] -> xpath: /html[1]/body[1]/div[1]/div[2]/div[1]/div[1]/div[1]/div[1]/div[1]/div[1]/img[1]]
2020-12-15 21:12:853 INFO  BasePage :30 - Launching Chrome Browser
2020-12-15 21:12:469 INFO  HomePage :27 - Clicking on Accept Cookies: [[ChromeDriver: chrome on WINDOWS (b61fb8fe519ba5f6e25d390438882a4d)] -> xpath: //button[@id='u_0_h']]
2020-12-15 21:12:682 INFO  HomePage :34 - Clicking on Create New Account Button: [[ChromeDriver: chrome on WINDOWS (b61fb8fe519ba5f6e25d390438882a4d)] -> xpath: //a[@id='u_0_2']]
2020-12-15 21:12:253 INFO  SignUpPage :58 - Enter First Name: Kaveerto firstname field[[ChromeDriver: chrome on WINDOWS (b61fb8fe519ba5f6e25d390438882a4d)] -> xpath: /html[1]/body[1]/div[3]/div[2]/div[1]/div[1]/div[2]/div[1]/div[1]/div[1]/form[1]/div[1]/div[1]/div[1]/div[1]/div[1]/input[1]]
2020-12-15 21:12:298 INFO  SignUpPage :66 - Enter Surname: Aryanto surname field[[ChromeDriver: chrome on WINDOWS (b61fb8fe519ba5f6e25d390438882a4d)] -> xpath: /html[1]/body[1]/div[3]/div[2]/div[1]/div[1]/div[2]/div[1]/div[1]/div[1]/form[1]/div[1]/div[1]/div[1]/div[2]/div[1]/div[1]/input[1]]
2020-12-15 21:12:587 INFO  SignUpPage :72 - Entering email address : kaveer505@gmail.com to email field : [[ChromeDriver: chrome on WINDOWS (b61fb8fe519ba5f6e25d390438882a4d)] -> xpath: /html[1]/body[1]/div[3]/div[2]/div[1]/div[1]/div[2]/div[1]/div[1]/div[1]/form[1]/div[1]/div[2]/div[1]/div[1]/input[1]]
2020-12-15 21:12:858 INFO  SignUpPage :78 - Entering password : Hellofacebook11 to password field : [[ChromeDriver: chrome on WINDOWS (b61fb8fe519ba5f6e25d390438882a4d)] -> xpath: //input[@id='password_step_input']]
2020-12-15 21:12:998 INFO  SignUpPage :84 - Entering day : 12 to day field : [[ChromeDriver: chrome on WINDOWS (b61fb8fe519ba5f6e25d390438882a4d)] -> xpath: //select[@id='day']]
2020-12-15 21:12:134 INFO  SignUpPage :90 - Entering month : December to month field : [[ChromeDriver: chrome on WINDOWS (b61fb8fe519ba5f6e25d390438882a4d)] -> xpath: //select[@id='month']]
2020-12-15 21:12:290 INFO  SignUpPage :96 - Entering year : 1985 to year field : [[ChromeDriver: chrome on WINDOWS (b61fb8fe519ba5f6e25d390438882a4d)] -> xpath: //select[@id='year']]
2020-12-15 21:12:411 INFO  SignUpPage :102 - selecting male : [[ChromeDriver: chrome on WINDOWS (b61fb8fe519ba5f6e25d390438882a4d)] -> xpath: //label[contains(text(),'Male')]]
2020-12-15 21:12:767 INFO  SignUpPage :108 - Clicking on sign up Button: [[ChromeDriver: chrome on WINDOWS (b61fb8fe519ba5f6e25d390438882a4d)] -> xpath: /html[1]/body[1]/div[3]/div[2]/div[1]/div[1]/div[2]/div[1]/div[1]/div[1]/form[1]/div[1]/div[10]/button[1]]
2020-12-15 21:12:830 INFO  SignUpPage :113 - Getting Text From : [[ChromeDriver: chrome on WINDOWS (b61fb8fe519ba5f6e25d390438882a4d)] -> xpath: /html[1]/body[1]/div[1]/div[2]/div[1]/div[1]/div[1]/div[1]/div[1]/div[1]/img[1]]
2020-12-15 21:12:884 INFO  SignUpPage :113 - Getting Text From : [[ChromeDriver: chrome on WINDOWS (b61fb8fe519ba5f6e25d390438882a4d)] -> xpath: /html[1]/body[1]/div[1]/div[2]/div[1]/div[1]/div[1]/div[1]/div[1]/div[1]/img[1]]
2020-12-15 22:12:758 INFO  BasePage :30 - Launching Chrome Browser
2020-12-15 22:12:212 INFO  HomePage :27 - Clicking on Accept Cookies: [[ChromeDriver: chrome on WINDOWS (dbcaf36017469ab3fa78b7d202aa4f5f)] -> xpath: //button[@id='u_0_h']]
2020-12-15 22:12:376 INFO  HomePage :34 - Clicking on Create New Account Button: [[ChromeDriver: chrome on WINDOWS (dbcaf36017469ab3fa78b7d202aa4f5f)] -> xpath: //a[@id='u_0_2']]
2020-12-15 22:12:233 INFO  SignUpPage :58 - Enter First Name: Kaveerto firstname field[[ChromeDriver: chrome on WINDOWS (dbcaf36017469ab3fa78b7d202aa4f5f)] -> xpath: /html[1]/body[1]/div[3]/div[2]/div[1]/div[1]/div[2]/div[1]/div[1]/div[1]/form[1]/div[1]/div[1]/div[1]/div[1]/div[1]/input[1]]
2020-12-15 22:12:697 INFO  SignUpPage :66 - Enter Surname: Aryanto surname field[[ChromeDriver: chrome on WINDOWS (dbcaf36017469ab3fa78b7d202aa4f5f)] -> xpath: //input[@name ='lastname']]
2020-12-15 22:12:929 INFO  SignUpPage :72 - Entering email address : kaveer2530@gmail.com to email field : [[ChromeDriver: chrome on WINDOWS (dbcaf36017469ab3fa78b7d202aa4f5f)] -> xpath: /html[1]/body[1]/div[3]/div[2]/div[1]/div[1]/div[2]/div[1]/div[1]/div[1]/form[1]/div[1]/div[2]/div[1]/div[1]/input[1]]
2020-12-15 22:12:153 INFO  SignUpPage :78 - Entering password : Hellofacebook11 to password field : [[ChromeDriver: chrome on WINDOWS (dbcaf36017469ab3fa78b7d202aa4f5f)] -> xpath: //input[@id='password_step_input']]
2020-12-15 22:12:277 INFO  SignUpPage :84 - Entering day : 12 to day field : [[ChromeDriver: chrome on WINDOWS (dbcaf36017469ab3fa78b7d202aa4f5f)] -> xpath: //select[@id='day']]
2020-12-15 22:12:391 INFO  SignUpPage :90 - Entering month : December to month field : [[ChromeDriver: chrome on WINDOWS (dbcaf36017469ab3fa78b7d202aa4f5f)] -> xpath: //select[@id='month']]
2020-12-15 22:12:506 INFO  SignUpPage :96 - Entering year : 1985 to year field : [[ChromeDriver: chrome on WINDOWS (dbcaf36017469ab3fa78b7d202aa4f5f)] -> xpath: //select[@id='year']]
2020-12-15 22:12:716 INFO  SignUpPage :102 - selecting male : [[ChromeDriver: chrome on WINDOWS (dbcaf36017469ab3fa78b7d202aa4f5f)] -> xpath: //label[contains(text(),'Male')]]
2020-12-15 22:12:16 INFO  SignUpPage :108 - Clicking on sign up Button: [[ChromeDriver: chrome on WINDOWS (dbcaf36017469ab3fa78b7d202aa4f5f)] -> xpath: /html[1]/body[1]/div[3]/div[2]/div[1]/div[1]/div[2]/div[1]/div[1]/div[1]/form[1]/div[1]/div[10]/button[1]]
2020-12-15 22:12:53 INFO  SignUpPage :113 - Getting Text From : [[ChromeDriver: chrome on WINDOWS (dbcaf36017469ab3fa78b7d202aa4f5f)] -> xpath: /html[1]/body[1]/div[1]/div[2]/div[1]/div[1]/div[1]/div[1]/div[1]/div[1]/img[1]]
2020-12-15 22:12:105 INFO  SignUpPage :113 - Getting Text From : [[ChromeDriver: chrome on WINDOWS (dbcaf36017469ab3fa78b7d202aa4f5f)] -> xpath: /html[1]/body[1]/div[1]/div[2]/div[1]/div[1]/div[1]/div[1]/div[1]/div[1]/img[1]]
2020-12-15 22:12:329 INFO  BasePage :30 - Launching Chrome Browser
2020-12-15 22:12:681 INFO  HomePage :27 - Clicking on Accept Cookies: [[ChromeDriver: chrome on WINDOWS (67a07330ff3aa0934dbfa87873a28719)] -> xpath: //button[@id='u_0_h']]
2020-12-15 22:12:907 INFO  HomePage :34 - Clicking on Create New Account Button: [[ChromeDriver: chrome on WINDOWS (67a07330ff3aa0934dbfa87873a28719)] -> xpath: //a[@id='u_0_2']]
2020-12-15 22:12:658 INFO  SignUpPage :58 - Enter First Name: Kaveerto firstname field[[ChromeDriver: chrome on WINDOWS (67a07330ff3aa0934dbfa87873a28719)] -> xpath: /html[1]/body[1]/div[3]/div[2]/div[1]/div[1]/div[2]/div[1]/div[1]/div[1]/form[1]/div[1]/div[1]/div[1]/div[1]/div[1]/input[1]]
2020-12-15 22:12:833 INFO  SignUpPage :65 - Enter Surname: Aryanto surname field[[ChromeDriver: chrome on WINDOWS (67a07330ff3aa0934dbfa87873a28719)] -> xpath: //input[@name ='lastname']]
2020-12-15 22:12:35 INFO  SignUpPage :71 - Entering email address : kaveer401@gmail.com to email field : [[ChromeDriver: chrome on WINDOWS (67a07330ff3aa0934dbfa87873a28719)] -> xpath: /html[1]/body[1]/div[3]/div[2]/div[1]/div[1]/div[2]/div[1]/div[1]/div[1]/form[1]/div[1]/div[2]/div[1]/div[1]/input[1]]
2020-12-15 22:12:247 INFO  SignUpPage :77 - Entering password : Hellofacebook11 to password field : [[ChromeDriver: chrome on WINDOWS (67a07330ff3aa0934dbfa87873a28719)] -> xpath: //input[@id='password_step_input']]
2020-12-15 22:12:351 INFO  SignUpPage :83 - Entering day : 12 to day field : [[ChromeDriver: chrome on WINDOWS (67a07330ff3aa0934dbfa87873a28719)] -> xpath: //select[@id='day']]
2020-12-15 22:12:457 INFO  SignUpPage :89 - Entering month : December to month field : [[ChromeDriver: chrome on WINDOWS (67a07330ff3aa0934dbfa87873a28719)] -> xpath: //select[@id='month']]
2020-12-15 22:12:578 INFO  SignUpPage :95 - Entering year : 1985 to year field : [[ChromeDriver: chrome on WINDOWS (67a07330ff3aa0934dbfa87873a28719)] -> xpath: //select[@id='year']]
2020-12-15 22:12:669 INFO  SignUpPage :101 - selecting male : [[ChromeDriver: chrome on WINDOWS (67a07330ff3aa0934dbfa87873a28719)] -> xpath: //label[contains(text(),'Male')]]
2020-12-15 22:12:880 INFO  SignUpPage :107 - Clicking on sign up Button: [[ChromeDriver: chrome on WINDOWS (67a07330ff3aa0934dbfa87873a28719)] -> xpath: /html[1]/body[1]/div[3]/div[2]/div[1]/div[1]/div[2]/div[1]/div[1]/div[1]/form[1]/div[1]/div[10]/button[1]]
2020-12-15 22:12:911 INFO  SignUpPage :112 - Getting Text From : [[ChromeDriver: chrome on WINDOWS (67a07330ff3aa0934dbfa87873a28719)] -> xpath: /html[1]/body[1]/div[1]/div[2]/div[1]/div[1]/div[1]/div[1]/div[1]/div[1]/img[1]]
2020-12-15 22:12:973 INFO  SignUpPage :112 - Getting Text From : [[ChromeDriver: chrome on WINDOWS (67a07330ff3aa0934dbfa87873a28719)] -> xpath: /html[1]/body[1]/div[1]/div[2]/div[1]/div[1]/div[1]/div[1]/div[1]/div[1]/img[1]]
2020-12-15 22:12:721 INFO  BasePage :30 - Launching Chrome Browser
2020-12-15 22:12:788 INFO  HomePage :27 - Clicking on Accept Cookies: [[ChromeDriver: chrome on WINDOWS (add38188e66f0cc9ce8a67eaec30d2a1)] -> xpath: //button[@id='u_0_h']]
2020-12-15 22:12:940 INFO  HomePage :34 - Clicking on Create New Account Button: [[ChromeDriver: chrome on WINDOWS (add38188e66f0cc9ce8a67eaec30d2a1)] -> xpath: //a[@id='u_0_2']]
2020-12-15 22:12:720 INFO  SignUpPage :61 - Enter First Name: Kaveerto firstname field[[ChromeDriver: chrome on WINDOWS (add38188e66f0cc9ce8a67eaec30d2a1)] -> xpath: /html[1]/body[1]/div[3]/div[2]/div[1]/div[1]/div[2]/div[1]/div[1]/div[1]/form[1]/div[1]/div[1]/div[1]/div[1]/div[1]/input[1]]
2020-12-15 22:12:888 INFO  SignUpPage :68 - Enter Surname: Aryanto surname field[[ChromeDriver: chrome on WINDOWS (add38188e66f0cc9ce8a67eaec30d2a1)] -> xpath: //input[@name ='lastname']]
2020-12-15 22:12:126 INFO  SignUpPage :74 - Entering email address : kaveer4463@gmail.com to email field : [[ChromeDriver: chrome on WINDOWS (add38188e66f0cc9ce8a67eaec30d2a1)] -> xpath: /html[1]/body[1]/div[3]/div[2]/div[1]/div[1]/div[2]/div[1]/div[1]/div[1]/form[1]/div[1]/div[2]/div[1]/div[1]/input[1]]
2020-12-15 22:12:359 INFO  SignUpPage :80 - Re-entering email address : kaveer4463@gmail.com to email field : [[ChromeDriver: chrome on WINDOWS (add38188e66f0cc9ce8a67eaec30d2a1)] -> xpath: //input[@name ='reg_email_confirmation__']]
2020-12-15 22:12:535 INFO  SignUpPage :87 - Entering password : Hellofacebook11 to password field : [[ChromeDriver: chrome on WINDOWS (add38188e66f0cc9ce8a67eaec30d2a1)] -> xpath: //input[@id='password_step_input']]
2020-12-15 22:12:637 INFO  SignUpPage :93 - Entering day : 12 to day field : [[ChromeDriver: chrome on WINDOWS (add38188e66f0cc9ce8a67eaec30d2a1)] -> xpath: //select[@id='day']]
2020-12-15 22:12:785 INFO  SignUpPage :99 - Entering month : December to month field : [[ChromeDriver: chrome on WINDOWS (add38188e66f0cc9ce8a67eaec30d2a1)] -> xpath: //select[@id='month']]
2020-12-15 22:12:910 INFO  SignUpPage :105 - Entering year : 1985 to year field : [[ChromeDriver: chrome on WINDOWS (add38188e66f0cc9ce8a67eaec30d2a1)] -> xpath: //select[@id='year']]
2020-12-15 22:12:40 INFO  SignUpPage :111 - selecting male : [[ChromeDriver: chrome on WINDOWS (add38188e66f0cc9ce8a67eaec30d2a1)] -> xpath: //label[contains(text(),'Male')]]
2020-12-15 22:12:172 INFO  SignUpPage :117 - Clicking on sign up Button: [[ChromeDriver: chrome on WINDOWS (add38188e66f0cc9ce8a67eaec30d2a1)] -> xpath: /html[1]/body[1]/div[3]/div[2]/div[1]/div[1]/div[2]/div[1]/div[1]/div[1]/form[1]/div[1]/div[10]/button[1]]
2020-12-15 22:12:212 INFO  SignUpPage :122 - Getting Text From : [[ChromeDriver: chrome on WINDOWS (add38188e66f0cc9ce8a67eaec30d2a1)] -> xpath: /html[1]/body[1]/div[1]/div[2]/div[1]/div[1]/div[1]/div[1]/div[1]/div[1]/img[1]]
2020-12-15 22:12:440 INFO  SignUpPage :122 - Getting Text From : [[ChromeDriver: chrome on WINDOWS (add38188e66f0cc9ce8a67eaec30d2a1)] -> xpath: /html[1]/body[1]/div[1]/div[2]/div[1]/div[1]/div[1]/div[1]/div[1]/div[1]/img[1]]
2020-12-15 22:12:635 INFO  BasePage :30 - Launching Chrome Browser
2020-12-15 22:12:485 INFO  HomePage :27 - Clicking on Accept Cookies: [[ChromeDriver: chrome on WINDOWS (b1e477c9c3209cd4f0f09e105a90e6a9)] -> xpath: //button[@id='u_0_h']]
2020-12-15 22:12:693 INFO  HomePage :34 - Clicking on Create New Account Button: [[ChromeDriver: chrome on WINDOWS (b1e477c9c3209cd4f0f09e105a90e6a9)] -> xpath: //a[@id='u_0_2']]
2020-12-15 22:12:379 INFO  SignUpPage :61 - Enter First Name: Kaveerto firstname field[[ChromeDriver: chrome on WINDOWS (b1e477c9c3209cd4f0f09e105a90e6a9)] -> xpath: /html[1]/body[1]/div[3]/div[2]/div[1]/div[1]/div[2]/div[1]/div[1]/div[1]/form[1]/div[1]/div[1]/div[1]/div[1]/div[1]/input[1]]
2020-12-15 22:12:589 INFO  SignUpPage :68 - Enter Surname: Aryanto surname field[[ChromeDriver: chrome on WINDOWS (b1e477c9c3209cd4f0f09e105a90e6a9)] -> xpath: //input[@name ='lastname']]
2020-12-15 22:12:818 INFO  SignUpPage :74 - Entering email address : kaveer1968@gmail.com to email field : [[ChromeDriver: chrome on WINDOWS (b1e477c9c3209cd4f0f09e105a90e6a9)] -> xpath: /html[1]/body[1]/div[3]/div[2]/div[1]/div[1]/div[2]/div[1]/div[1]/div[1]/form[1]/div[1]/div[2]/div[1]/div[1]/input[1]]
2020-12-15 22:12:25 INFO  SignUpPage :80 - Re-entering email address : kaveer1968@gmail.com to email field : [[ChromeDriver: chrome on WINDOWS (b1e477c9c3209cd4f0f09e105a90e6a9)] -> xpath: //input[@name ='reg_email_confirmation__']]
2020-12-15 22:12:217 INFO  SignUpPage :87 - Entering password : Hellofacebook11 to password field : [[ChromeDriver: chrome on WINDOWS (b1e477c9c3209cd4f0f09e105a90e6a9)] -> xpath: //input[@id='password_step_input']]
2020-12-15 22:12:338 INFO  SignUpPage :93 - Entering day : 12 to day field : [[ChromeDriver: chrome on WINDOWS (b1e477c9c3209cd4f0f09e105a90e6a9)] -> xpath: //select[@id='day']]
2020-12-15 22:12:471 INFO  SignUpPage :99 - Entering month : December to month field : [[ChromeDriver: chrome on WINDOWS (b1e477c9c3209cd4f0f09e105a90e6a9)] -> xpath: //select[@id='month']]
2020-12-15 22:12:620 INFO  SignUpPage :105 - Entering year : 1985 to year field : [[ChromeDriver: chrome on WINDOWS (b1e477c9c3209cd4f0f09e105a90e6a9)] -> xpath: //select[@id='year']]
2020-12-15 22:12:718 INFO  SignUpPage :111 - selecting male : [[ChromeDriver: chrome on WINDOWS (b1e477c9c3209cd4f0f09e105a90e6a9)] -> xpath: //label[contains(text(),'Male')]]
2020-12-15 22:12:832 INFO  SignUpPage :117 - Clicking on sign up Button: [[ChromeDriver: chrome on WINDOWS (b1e477c9c3209cd4f0f09e105a90e6a9)] -> xpath: /html[1]/body[1]/div[3]/div[2]/div[1]/div[1]/div[2]/div[1]/div[1]/div[1]/form[1]/div[1]/div[10]/button[1]]
2020-12-15 23:12:88 INFO  BasePage :30 - Launching Chrome Browser
2020-12-15 23:12:975 INFO  BasePage :30 - Launching Chrome Browser
2020-12-15 23:12:65 INFO  HomePage :27 - Clicking on Accept Cookies: [[ChromeDriver: chrome on WINDOWS (52a23a51145f2a4651e76f5418917a1f)] -> xpath: //button[@title = 'Accept All']]
2020-12-15 23:12:997 INFO  LoginPage :29 - Entering email address : kaveer1189@gmail.com to email field : [[ChromeDriver: chrome on WINDOWS (52a23a51145f2a4651e76f5418917a1f)] -> xpath: //input[@id='email']]
2020-12-15 23:12:172 INFO  LoginPage :35 - Entering password : Hellofacebook11 to password field : [[ChromeDriver: chrome on WINDOWS (52a23a51145f2a4651e76f5418917a1f)] -> xpath: //input[@id='pass']]
2020-12-15 23:12:830 INFO  LoginPage :41 - Clicking on login Button : Proxy element for: DefaultElementLocator 'By.xpath: /html[1]/body[1]/div[1]/div[2]/div[1]/div[1]/div[1]/div[1]/div[2]/div[1]/div[1]/form[1]/div[2]/button[1]'
2020-12-15 23:12:197 INFO  BasePage :30 - Launching Chrome Browser
2020-12-15 23:12:542 INFO  HomePage :27 - Clicking on Accept Cookies: [[ChromeDriver: chrome on WINDOWS (9e2add8919e98de1d16102bc57d78878)] -> xpath: //button[@title = 'Accept All']]
2020-12-15 23:12:790 INFO  LoginPage :29 - Entering email address : kaveer1589@gmail.com to email field : [[ChromeDriver: chrome on WINDOWS (9e2add8919e98de1d16102bc57d78878)] -> xpath: //input[@id='email']]
2020-12-15 23:12:14 INFO  LoginPage :35 - Entering password : Hellofacebook11 to password field : [[ChromeDriver: chrome on WINDOWS (9e2add8919e98de1d16102bc57d78878)] -> xpath: //input[@id='pass']]
2020-12-15 23:12:522 INFO  LoginPage :41 - Clicking on login Button : Proxy element for: DefaultElementLocator 'By.xpath: /html[1]/body[1]/div[1]/div[2]/div[1]/div[1]/div[1]/div[1]/div[2]/div[1]/div[1]/form[1]/div[2]/button[1]'
2020-12-15 23:12:131 INFO  BasePage :30 - Launching Chrome Browser
2020-12-15 23:12:196 INFO  HomePage :27 - Clicking on Accept Cookies: [[ChromeDriver: chrome on WINDOWS (3db855ec055659294288b530a6dd5614)] -> xpath: //button[@title = 'Accept All']]
2020-12-15 23:12:482 INFO  LoginPage :29 - Entering email address : kaveer1589@gmail.com to email field : [[ChromeDriver: chrome on WINDOWS (3db855ec055659294288b530a6dd5614)] -> xpath: //input[@id='email']]
2020-12-15 23:12:657 INFO  LoginPage :35 - Entering password : Hellofacebook11 to password field : [[ChromeDriver: chrome on WINDOWS (3db855ec055659294288b530a6dd5614)] -> xpath: //input[@id='pass']]
2020-12-15 23:12:113 INFO  LoginPage :41 - Clicking on login Button : Proxy element for: DefaultElementLocator 'By.xpath: /html[1]/body[1]/div[1]/div[2]/div[1]/div[1]/div[1]/div[1]/div[2]/div[1]/div[1]/form[1]/div[2]/button[1]'
2020-12-15 23:12:62 INFO  BasePage :30 - Launching Chrome Browser
2020-12-15 23:12:351 INFO  HomePage :27 - Clicking on Accept Cookies: [[ChromeDriver: chrome on WINDOWS (1050ae9ea6f844c87d06fd957a61ac44)] -> xpath: //button[@title = 'Accept All']]
2020-12-15 23:12:575 INFO  HomePage :34 - Clicking on Create New Account Button: [[ChromeDriver: chrome on WINDOWS (1050ae9ea6f844c87d06fd957a61ac44)] -> xpath: //a[@id='u_0_2']]
2020-12-15 23:12:241 INFO  SignUpPage :61 - Enter First Name: Kaveerto firstname field[[ChromeDriver: chrome on WINDOWS (1050ae9ea6f844c87d06fd957a61ac44)] -> xpath: /html[1]/body[1]/div[3]/div[2]/div[1]/div[1]/div[2]/div[1]/div[1]/div[1]/form[1]/div[1]/div[1]/div[1]/div[1]/div[1]/input[1]]
2020-12-15 23:12:409 INFO  SignUpPage :68 - Enter Surname: Aryanto surname field[[ChromeDriver: chrome on WINDOWS (1050ae9ea6f844c87d06fd957a61ac44)] -> xpath: //input[@name ='lastname']]
2020-12-15 23:12:601 INFO  SignUpPage :74 - Entering email address : kaveer1607@gmail.com to email field : [[ChromeDriver: chrome on WINDOWS (1050ae9ea6f844c87d06fd957a61ac44)] -> xpath: /html[1]/body[1]/div[3]/div[2]/div[1]/div[1]/div[2]/div[1]/div[1]/div[1]/form[1]/div[1]/div[2]/div[1]/div[1]/input[1]]
2020-12-15 23:12:856 INFO  SignUpPage :80 - Re-entering email address : kaveer1607@gmail.com to email field : [[ChromeDriver: chrome on WINDOWS (1050ae9ea6f844c87d06fd957a61ac44)] -> xpath: //input[@name ='reg_email_confirmation__']]
2020-12-15 23:12:29 INFO  SignUpPage :87 - Entering password : Hellofacebook11 to password field : [[ChromeDriver: chrome on WINDOWS (1050ae9ea6f844c87d06fd957a61ac44)] -> xpath: //input[@id='password_step_input']]
2020-12-15 23:12:206 INFO  SignUpPage :93 - Entering day : 12 to day field : [[ChromeDriver: chrome on WINDOWS (1050ae9ea6f844c87d06fd957a61ac44)] -> xpath: //select[@id='day']]
2020-12-15 23:12:421 INFO  SignUpPage :99 - Entering month : December to month field : [[ChromeDriver: chrome on WINDOWS (1050ae9ea6f844c87d06fd957a61ac44)] -> xpath: //select[@id='month']]
2020-12-15 23:12:689 INFO  SignUpPage :105 - Entering year : 1985 to year field : [[ChromeDriver: chrome on WINDOWS (1050ae9ea6f844c87d06fd957a61ac44)] -> xpath: //select[@id='year']]
2020-12-15 23:12:875 INFO  SignUpPage :111 - selecting male : [[ChromeDriver: chrome on WINDOWS (1050ae9ea6f844c87d06fd957a61ac44)] -> xpath: //label[contains(text(),'Male')]]
2020-12-15 23:12:61 INFO  SignUpPage :117 - Clicking on sign up Button: [[ChromeDriver: chrome on WINDOWS (1050ae9ea6f844c87d06fd957a61ac44)] -> xpath: /html[1]/body[1]/div[3]/div[2]/div[1]/div[1]/div[2]/div[1]/div[1]/div[1]/form[1]/div[1]/div[10]/button[1]]
2020-12-15 23:12:213 INFO  LoginPage :46 - Getting Text From : Proxy element for: DefaultElementLocator 'By.xpath: //h2[@class = 'uiHeaderTitle']'
2020-12-15 23:12:236 INFO  BasePage :30 - Launching Chrome Browser
2020-12-15 23:12:231 INFO  HomePage :27 - Clicking on Accept Cookies: [[ChromeDriver: chrome on WINDOWS (7fd76b2b4b660699d4641ea9dac6aa8f)] -> xpath: //button[@title = 'Accept All']]
2020-12-15 23:12:557 INFO  LoginPage :40 - Entering password : Hellofacebook11 to password field : [[ChromeDriver: chrome on WINDOWS (7fd76b2b4b660699d4641ea9dac6aa8f)] -> xpath: //input[@id='pass']]
2020-12-15 23:12:45 INFO  LoginPage :46 - Clicking on login Button : [[ChromeDriver: chrome on WINDOWS (7fd76b2b4b660699d4641ea9dac6aa8f)] -> xpath: /html[1]/body[1]/div[1]/div[2]/div[1]/div[1]/div[1]/div[1]/div[2]/div[1]/div[1]/form[1]/div[2]/button[1]]
2020-12-15 23:12:575 INFO  LoginPage :57 - Getting Text From : [[ChromeDriver: chrome on WINDOWS (7fd76b2b4b660699d4641ea9dac6aa8f)] -> xpath: //a[contains(text(),'Sign up for an account.')]]
2020-12-15 23:12:649 INFO  LoginPage :57 - Getting Text From : [[ChromeDriver: chrome on WINDOWS (7fd76b2b4b660699d4641ea9dac6aa8f)] -> xpath: //a[contains(text(),'Sign up for an account.')]]
2020-12-15 23:12:877 INFO  BasePage :30 - Launching Chrome Browser
2020-12-15 23:12:14 INFO  HomePage :27 - Clicking on Accept Cookies: [[ChromeDriver: chrome on WINDOWS (85cadfdc47f2173de700c7be8b87aec3)] -> xpath: //button[@title = 'Accept All']]
2020-12-15 23:12:212 INFO  HomePage :34 - Clicking on Create New Account Button: [[ChromeDriver: chrome on WINDOWS (85cadfdc47f2173de700c7be8b87aec3)] -> xpath: //a[@id='u_0_2']]
2020-12-15 23:12:959 INFO  SignUpPage :61 - Enter First Name: Kaveerto firstname field[[ChromeDriver: chrome on WINDOWS (85cadfdc47f2173de700c7be8b87aec3)] -> xpath: /html[1]/body[1]/div[3]/div[2]/div[1]/div[1]/div[2]/div[1]/div[1]/div[1]/form[1]/div[1]/div[1]/div[1]/div[1]/div[1]/input[1]]
2020-12-15 23:12:410 INFO  SignUpPage :68 - Enter Surname: Aryanto surname field[[ChromeDriver: chrome on WINDOWS (85cadfdc47f2173de700c7be8b87aec3)] -> xpath: //input[@name ='lastname']]
2020-12-15 23:12:836 INFO  SignUpPage :74 - Entering email address : kaveer882@gmail.com to email field : [[ChromeDriver: chrome on WINDOWS (85cadfdc47f2173de700c7be8b87aec3)] -> xpath: /html[1]/body[1]/div[3]/div[2]/div[1]/div[1]/div[2]/div[1]/div[1]/div[1]/form[1]/div[1]/div[2]/div[1]/div[1]/input[1]]
2020-12-15 23:12:124 INFO  SignUpPage :80 - Re-entering email address : kaveer882@gmail.com to email field : [[ChromeDriver: chrome on WINDOWS (85cadfdc47f2173de700c7be8b87aec3)] -> xpath: //input[@name ='reg_email_confirmation__']]
2020-12-15 23:12:324 INFO  SignUpPage :87 - Entering password : Hellofacebook11 to password field : [[ChromeDriver: chrome on WINDOWS (85cadfdc47f2173de700c7be8b87aec3)] -> xpath: //input[@id='password_step_input']]
2020-12-15 23:12:460 INFO  SignUpPage :93 - Entering day : 12 to day field : [[ChromeDriver: chrome on WINDOWS (85cadfdc47f2173de700c7be8b87aec3)] -> xpath: //select[@id='day']]
2020-12-15 23:12:580 INFO  SignUpPage :99 - Entering month : December to month field : [[ChromeDriver: chrome on WINDOWS (85cadfdc47f2173de700c7be8b87aec3)] -> xpath: //select[@id='month']]
2020-12-15 23:12:692 INFO  SignUpPage :105 - Entering year : 1985 to year field : [[ChromeDriver: chrome on WINDOWS (85cadfdc47f2173de700c7be8b87aec3)] -> xpath: //select[@id='year']]
2020-12-15 23:12:884 INFO  SignUpPage :111 - selecting male : [[ChromeDriver: chrome on WINDOWS (85cadfdc47f2173de700c7be8b87aec3)] -> xpath: //label[contains(text(),'Male')]]
2020-12-15 23:12:34 INFO  SignUpPage :117 - Clicking on sign up Button: [[ChromeDriver: chrome on WINDOWS (85cadfdc47f2173de700c7be8b87aec3)] -> xpath: /html[1]/body[1]/div[3]/div[2]/div[1]/div[1]/div[2]/div[1]/div[1]/div[1]/form[1]/div[1]/div[10]/button[1]]
2020-12-15 23:12:329 INFO  BasePage :30 - Launching Chrome Browser
2020-12-15 23:12:733 INFO  HomePage :27 - Clicking on Accept Cookies: [[ChromeDriver: chrome on WINDOWS (60ef56aff5a71c56e583257e6adb5b1e)] -> xpath: //button[@title = 'Accept All']]
2020-12-15 23:12:179 INFO  HomePage :34 - Clicking on Create New Account Button: [[ChromeDriver: chrome on WINDOWS (60ef56aff5a71c56e583257e6adb5b1e)] -> xpath: //a[@id='u_0_2']]
2020-12-15 23:12:756 INFO  SignUpPage :53 - Getting Text From : [[ChromeDriver: chrome on WINDOWS (60ef56aff5a71c56e583257e6adb5b1e)] -> xpath: //div[contains(text(),"It's quick and easy.")]]
2020-12-15 23:12:892 INFO  SignUpPage :53 - Getting Text From : [[ChromeDriver: chrome on WINDOWS (60ef56aff5a71c56e583257e6adb5b1e)] -> xpath: //div[contains(text(),"It's quick and easy.")]]
2020-12-15 23:12:623 INFO  BasePage :30 - Launching Chrome Browser
2020-12-15 23:12:138 INFO  HomePage :27 - Clicking on Accept Cookies: [[ChromeDriver: chrome on WINDOWS (39d70fe6cd3a82a908869ee2069aae4e)] -> xpath: //button[@title = 'Accept All']]
2020-12-15 23:12:370 INFO  LoginPage :40 - Entering password : Hellofacebook11 to password field : [[ChromeDriver: chrome on WINDOWS (39d70fe6cd3a82a908869ee2069aae4e)] -> xpath: //input[@id='pass']]
2020-12-15 23:12:104 INFO  LoginPage :46 - Clicking on login Button : [[ChromeDriver: chrome on WINDOWS (39d70fe6cd3a82a908869ee2069aae4e)] -> xpath: /html[1]/body[1]/div[1]/div[2]/div[1]/div[1]/div[1]/div[1]/div[2]/div[1]/div[1]/form[1]/div[2]/button[1]]
2020-12-15 23:12:290 INFO  LoginPage :57 - Getting Text From : [[ChromeDriver: chrome on WINDOWS (39d70fe6cd3a82a908869ee2069aae4e)] -> xpath: //a[contains(text(),'Sign up for an account.')]]
2020-12-15 23:12:418 INFO  LoginPage :57 - Getting Text From : [[ChromeDriver: chrome on WINDOWS (39d70fe6cd3a82a908869ee2069aae4e)] -> xpath: //a[contains(text(),'Sign up for an account.')]]
